<?xml version="1.0" encoding="UTF-8"?>
<!-- Generated by org.testng.reporters.JUnitReportReporter -->
<testsuite hostname="LAPTOP-MLOEKGFM" failures="0" tests="2" name="hust.cs.javacourse.search.parse.PatternTermTupleFilterTest" time="0.000" errors="0" timestamp="16 5æœˆ 2023 08:30:51 GMT" skipped="0">
  <testcase classname="hust.cs.javacourse.search.parse.PatternTermTupleFilterTest" name="testNext" time="0.000"/>
  <testcase classname="hust.cs.javacourse.search.parse.PatternTermTupleFilterTest" name="testNext" time="0.000"/>
</testsuite> <!-- hust.cs.javacourse.search.parse.PatternTermTupleFilterTest -->
